<?xml version='1.0' encoding='UTF-8'?>
<testsuite hostname="localhost" name="CGC.AssetModels.GridIntertieSpec" tests="7" errors="0" failures="0" skipped="0" time="0.143">
                     <properties>
[...]
</properties>
                     <testcase classname="CGC.AssetModels.GridIntertieSpec" name="A Grid Intertie actor should respond with its status when quried" time="0.044">
                                                 
                                               </testcase><testcase classname="CGC.AssetModels.GridIntertieSpec" name="A Grid Intertie actor should initialize in the offline state" time="0.004">
                                                 
                                               </testcase><testcase classname="CGC.AssetModels.GridIntertieSpec" name="A Grid Intertie actor should update its status when commanded" time="0.02">
                                                 
                                               </testcase><testcase classname="CGC.AssetModels.GridIntertieSpec" name="A Grid Intertie actor should transition to the GridConnectRequest state if requested" time="0.016">
                                                 
                                               </testcase><testcase classname="CGC.AssetModels.GridIntertieSpec" name="A Grid Intertie actor should transition to the GridConnected state if criteria is met" time="0.019">
                                                 
                                               </testcase><testcase classname="CGC.AssetModels.GridIntertieSpec" name="A Grid Intertie actor should transition to the GridDisconnectRequested state if online and disconnect is requested" time="0.024">
                                                 
                                               </testcase><testcase classname="CGC.AssetModels.GridIntertieSpec" name="A Grid Intertie actor should transition to the GridDisconnected state if online and disconnect criteria is met" time="0.016">
                                                 
                                               </testcase>
                     <system-out><![CDATA[]]></system-out>
                     <system-err><![CDATA[]]></system-err>
                   </testsuite>