[0m[[0m[0mdebug[0m] [0m[0mRunning TaskDef(CGC.Modbus.MessageFactorySpec, org.scalatest.tools.Framework$$anon$1@5fca66d8, false, [SuiteSelector])[0m
[0m[[0m[0mdebug[0m] [0m[0mRunning TaskDef(CGC.Modbus.ReadSpec, org.scalatest.tools.Framework$$anon$1@5fca66d8, false, [SuiteSelector])[0m
[0m[[0m[0mdebug[0m] [0m[0mRunning TaskDef(CGC.Modbus.CommSpec, org.scalatest.tools.Framework$$anon$1@5fca66d8, false, [SuiteSelector])[0m
[0m[[0m[0mdebug[0m] [0m[0mRunning TaskDef(CGC.AssetModels.GridIntertieSpec, org.scalatest.tools.Framework$$anon$1@5fca66d8, false, [SuiteSelector])[0m
[0m[[0m[0minfo[0m] [0m[0m[36mRun completed in 5 seconds, 272 milliseconds.[0m[0m
[0m[[0m[0minfo[0m] [0m[0m[36mTotal number of tests run: 10[0m[0m
[0m[[0m[0minfo[0m] [0m[0m[36mSuites: completed 4, aborted 0[0m[0m
[0m[[0m[0minfo[0m] [0m[0m[36mTests: succeeded 7, failed 3, canceled 0, ignored 0, pending 0[0m[0m
[0m[[0m[0minfo[0m] [0m[0m[31m*** 3 TESTS FAILED ***[0m[0m
[0m[[0m[0mdebug[0m] [0m[0mPassed tests:[0m
[0m[[0m[0mdebug[0m] [0m[0m	CGC.AssetModels.GridIntertieSpec[0m
[0m[[0m[31merror[0m] [0m[0mFailed tests:[0m
[0m[[0m[31merror[0m] [0m[0m	CGC.Modbus.MessageFactorySpec[0m
[0m[[0m[31merror[0m] [0m[0m	CGC.Modbus.ReadSpec[0m
[0m[[0m[31merror[0m] [0m[0m	CGC.Modbus.CommSpec[0m
[0m[[0m[31merror[0m] [0m[0m(Test / [31mtest[0m) sbt.TestsFailedException: Tests unsuccessful[0m
