[0m[[0m[0minfo[0m] [0m[0m[32mReadSpec:[0m[0m
[0m[[0m[0minfo[0m] [0m[0m[32mA Modbus Read Actor[0m[0m
[0m[[0m[0minfo[0m] [0m[0m[31m- should return a status value map for working devices *** FAILED ***[0m[0m
[0m[[0m[0minfo[0m] [0m[0m[31m  java.lang.AssertionError: assertion failed: timeout (3 seconds) during expectMsg while waiting for QueryResponse(1,Map(test1 -> 11.0, test2 -> 22.0))[0m[0m
[0m[[0m[0minfo[0m] [0m[0m[31m  at scala.Predef$.assert(Predef.scala:219)[0m[0m
[0m[[0m[0minfo[0m] [0m[0m[31m  at akka.testkit.TestKitBase.expectMsg_internal(TestKit.scala:402)[0m[0m
[0m[[0m[0minfo[0m] [0m[0m[31m  at akka.testkit.TestKitBase.expectMsg(TestKit.scala:379)[0m[0m
[0m[[0m[0minfo[0m] [0m[0m[31m  at akka.testkit.TestKitBase.expectMsg$(TestKit.scala:379)[0m[0m
[0m[[0m[0minfo[0m] [0m[0m[31m  at akka.testkit.TestKit.expectMsg(TestKit.scala:896)[0m[0m
[0m[[0m[0minfo[0m] [0m[0m[31m  at CGC.Modbus.ReadSpec.$anonfun$new$2(ReadSpec.scala:41)[0m[0m
[0m[[0m[0minfo[0m] [0m[0m[31m  at org.scalatest.OutcomeOf.outcomeOf(OutcomeOf.scala:85)[0m[0m
[0m[[0m[0minfo[0m] [0m[0m[31m  at org.scalatest.OutcomeOf.outcomeOf$(OutcomeOf.scala:83)[0m[0m
[0m[[0m[0minfo[0m] [0m[0m[31m  at org.scalatest.OutcomeOf$.outcomeOf(OutcomeOf.scala:104)[0m[0m
[0m[[0m[0minfo[0m] [0m[0m[31m  at org.scalatest.Transformer.apply(Transformer.scala:22)[0m[0m
[0m[[0m[0minfo[0m] [0m[0m[31m  ...[0m[0m
